        -:    0:Source:dominion.c
        -:    0:Graph:dominion.gcno
        -:    0:Data:dominion.gcda
        -:    0:Runs:5
        -:    0:Programs:4
        -:    1:#include "dominion.h"
        -:    2:#include "dominion_helpers.h"
        -:    3:#include "rngs.h"
        -:    4:#include <stdio.h>
        -:    5:#include <math.h>
        -:    6:#include <stdlib.h>
        -:    7:
function compare called 735 returned 100% blocks executed 83%
      735:    8:int compare(const void* a, const void* b) {
      735:    9:  if (*(int*)a > *(int*)b)
branch  0 taken 26% (fallthrough)
branch  1 taken 74%
      190:   10:    return 1;
      545:   11:  if (*(int*)a < *(int*)b)
branch  0 taken 0% (fallthrough)
branch  1 taken 100%
    #####:   12:    return -1;
      545:   13:  return 0;
        -:   14:}
        -:   15:
function newGame called 0 returned 0% blocks executed 0%
    #####:   16:struct gameState* newGame() {
    #####:   17:  struct gameState* g = malloc(sizeof(struct gameState));
    #####:   18:  return g;
        -:   19:}
        -:   20:
function kingdomCards called 0 returned 0% blocks executed 0%
    #####:   21:int* kingdomCards(int k1, int k2, int k3, int k4, int k5, int k6, int k7,
        -:   22:		  int k8, int k9, int k10) {
    #####:   23:  int* k = malloc(10 * sizeof(int));
    #####:   24:  k[0] = k1;
    #####:   25:  k[1] = k2;
    #####:   26:  k[2] = k3;
    #####:   27:  k[3] = k4;
    #####:   28:  k[4] = k5;
    #####:   29:  k[5] = k6;
    #####:   30:  k[6] = k7;
    #####:   31:  k[7] = k8;
    #####:   32:  k[8] = k9;
    #####:   33:  k[9] = k10;
    #####:   34:  return k;
        -:   35:}
        -:   36:
function initializeGame called 0 returned 0% blocks executed 0%
    #####:   37:int initializeGame(int numPlayers, int kingdomCards[10], int randomSeed,
        -:   38:		   struct gameState *state) {
        -:   39:
        -:   40:  int i;
        -:   41:  int j;
        -:   42:  int it;			
        -:   43:  //set up random number generator
    #####:   44:  SelectStream(1);
call    0 never executed
    #####:   45:  PutSeed((long)randomSeed);
call    0 never executed
        -:   46:  
        -:   47:  //check number of players
    #####:   48:  if (numPlayers > MAX_PLAYERS || numPlayers < 2)
branch  0 never executed
branch  1 never executed
branch  2 never executed
branch  3 never executed
        -:   49:    {
    #####:   50:      return -1;
        -:   51:    }
        -:   52:
        -:   53:  //set number of players
    #####:   54:  state->numPlayers = numPlayers;
        -:   55:
        -:   56:  //check selected kingdom cards are different
    #####:   57:  for (i = 0; i < 10; i++)
branch  0 never executed
branch  1 never executed
        -:   58:    {
    #####:   59:      for (j = 0; j < 10; j++)
branch  0 never executed
branch  1 never executed
        -:   60:        {
    #####:   61:	  if (j != i && kingdomCards[j] == kingdomCards[i])
branch  0 never executed
branch  1 never executed
branch  2 never executed
branch  3 never executed
        -:   62:	    {
    #####:   63:	      return -1;
        -:   64:	    }
        -:   65:        }
        -:   66:    }
        -:   67:
        -:   68:
        -:   69:  //initialize supply
        -:   70:  ///////////////////////////////
        -:   71:
        -:   72:  //set number of Curse cards
    #####:   73:  if (numPlayers == 2)
branch  0 never executed
branch  1 never executed
        -:   74:    {
    #####:   75:      state->supplyCount[curse] = 10;
        -:   76:    }
    #####:   77:  else if (numPlayers == 3)
branch  0 never executed
branch  1 never executed
        -:   78:    {
    #####:   79:      state->supplyCount[curse] = 20;
        -:   80:    }
        -:   81:  else
        -:   82:    {
    #####:   83:      state->supplyCount[curse] = 30;
        -:   84:    }
        -:   85:
        -:   86:  //set number of Victory cards
    #####:   87:  if (numPlayers == 2)
branch  0 never executed
branch  1 never executed
        -:   88:    {
    #####:   89:      state->supplyCount[estate] = 8;
    #####:   90:      state->supplyCount[duchy] = 8;
    #####:   91:      state->supplyCount[province] = 8;
        -:   92:    }
        -:   93:  else
        -:   94:    {
    #####:   95:      state->supplyCount[estate] = 12;
    #####:   96:      state->supplyCount[duchy] = 12;
    #####:   97:      state->supplyCount[province] = 12;
        -:   98:    }
        -:   99:
        -:  100:  //set number of Treasure cards
    #####:  101:  state->supplyCount[copper] = 60 - (7 * numPlayers);
    #####:  102:  state->supplyCount[silver] = 40;
    #####:  103:  state->supplyCount[gold] = 30;
        -:  104:
        -:  105:  //set number of Kingdom cards
    #####:  106:  for (i = adventurer; i <= treasure_map; i++)       	//loop all cards
branch  0 never executed
branch  1 never executed
        -:  107:    {
    #####:  108:      for (j = 0; j < 10; j++)           		//loop chosen cards
branch  0 never executed
branch  1 never executed
        -:  109:	{
    #####:  110:	  if (kingdomCards[j] == i)
branch  0 never executed
branch  1 never executed
        -:  111:	    {
        -:  112:	      //check if card is a 'Victory' Kingdom card
    #####:  113:	      if (kingdomCards[j] == great_hall || kingdomCards[j] == gardens)
branch  0 never executed
branch  1 never executed
branch  2 never executed
branch  3 never executed
        -:  114:		{
    #####:  115:		  if (numPlayers == 2){ 
branch  0 never executed
branch  1 never executed
    #####:  116:		    state->supplyCount[i] = 8; 
        -:  117:		  }
    #####:  118:		  else{ state->supplyCount[i] = 12; }
        -:  119:		}
        -:  120:	      else
        -:  121:		{
    #####:  122:		  state->supplyCount[i] = 10;
        -:  123:		}
    #####:  124:	      break;
        -:  125:	    }
        -:  126:	  else    //card is not in the set choosen for the game
        -:  127:	    {
    #####:  128:	      state->supplyCount[i] = -1;
        -:  129:	    }
        -:  130:	}
        -:  131:
        -:  132:    }
        -:  133:
        -:  134:  ////////////////////////
        -:  135:  //supply intilization complete
        -:  136:
        -:  137:  //set player decks
    #####:  138:  for (i = 0; i < numPlayers; i++)
branch  0 never executed
branch  1 never executed
        -:  139:    {
    #####:  140:      state->deckCount[i] = 0;
    #####:  141:      for (j = 0; j < 3; j++)
branch  0 never executed
branch  1 never executed
        -:  142:	{
    #####:  143:	  state->deck[i][j] = estate;
    #####:  144:	  state->deckCount[i]++;
        -:  145:	}
    #####:  146:      for (j = 3; j < 10; j++)
branch  0 never executed
branch  1 never executed
        -:  147:	{
    #####:  148:	  state->deck[i][j] = copper;
    #####:  149:	  state->deckCount[i]++;		
        -:  150:	}
        -:  151:    }
        -:  152:
        -:  153:  //shuffle player decks
    #####:  154:  for (i = 0; i < numPlayers; i++)
branch  0 never executed
branch  1 never executed
        -:  155:    {
    #####:  156:      if ( shuffle(i, state) < 0 )
call    0 never executed
branch  1 never executed
branch  2 never executed
        -:  157:	{
    #####:  158:	  return -1;
        -:  159:	}
        -:  160:    }
        -:  161:
        -:  162:  //draw player hands
    #####:  163:  for (i = 0; i < numPlayers; i++)
branch  0 never executed
branch  1 never executed
        -:  164:    {  
        -:  165:      //initialize hand size to zero
    #####:  166:      state->handCount[i] = 0;
    #####:  167:      state->discardCount[i] = 0;
        -:  168:      //draw 5 cards
        -:  169:      // for (j = 0; j < 5; j++)
        -:  170:      //	{
        -:  171:      //	  drawCard(i, state);
        -:  172:      //	}
        -:  173:    }
        -:  174:  
        -:  175:  //set embargo tokens to 0 for all supply piles
    #####:  176:  for (i = 0; i <= treasure_map; i++)
branch  0 never executed
branch  1 never executed
        -:  177:    {
    #####:  178:      state->embargoTokens[i] = 0;
        -:  179:    }
        -:  180:
        -:  181:  //initialize first player's turn
    #####:  182:  state->outpostPlayed = 0;
    #####:  183:  state->phase = 0;
    #####:  184:  state->numActions = 1;
    #####:  185:  state->numBuys = 1;
    #####:  186:  state->playedCardCount = 0;
    #####:  187:  state->whoseTurn = 0;
    #####:  188:  state->handCount[state->whoseTurn] = 0;
        -:  189:  //int it; move to top
        -:  190:
        -:  191:  //Moved draw cards to here, only drawing at the start of a turn
    #####:  192:  for (it = 0; it < 5; it++){
branch  0 never executed
branch  1 never executed
    #####:  193:    drawCard(state->whoseTurn, state);
call    0 never executed
        -:  194:  }
        -:  195:
    #####:  196:  updateCoins(state->whoseTurn, state, 0);
call    0 never executed
        -:  197:
    #####:  198:  return 0;
        -:  199:}
        -:  200:
function shuffle called 30 returned 100% blocks executed 100%
       30:  201:int shuffle(int player, struct gameState *state) {
        -:  202: 
        -:  203:
        -:  204:  int newDeck[MAX_DECK];
       30:  205:  int newDeckPos = 0;
        -:  206:  int card;
        -:  207:  int i;
        -:  208:
       30:  209:  if (state->deckCount[player] < 1)
branch  0 taken 33% (fallthrough)
branch  1 taken 67%
       10:  210:    return -1;
       20:  211:  qsort ((void*)(state->deck[player]), state->deckCount[player], sizeof(int), compare); 
call    0 returned 100%
        -:  212:  /* SORT CARDS IN DECK TO ENSURE DETERMINISM! */
        -:  213:
      385:  214:  while (state->deckCount[player] > 0) {
branch  0 taken 95%
branch  1 taken 5% (fallthrough)
      345:  215:    card = floor(Random() * state->deckCount[player]);
call    0 returned 100%
      345:  216:    newDeck[newDeckPos] = state->deck[player][card];
      345:  217:    newDeckPos++;
     2040:  218:    for (i = card; i < state->deckCount[player]-1; i++) {
branch  0 taken 83%
branch  1 taken 17% (fallthrough)
     1695:  219:      state->deck[player][i] = state->deck[player][i+1];
        -:  220:    }
      345:  221:    state->deckCount[player]--;
        -:  222:  }
      365:  223:  for (i = 0; i < newDeckPos; i++) {
branch  0 taken 95%
branch  1 taken 5% (fallthrough)
      345:  224:    state->deck[player][i] = newDeck[i];
      345:  225:    state->deckCount[player]++;
        -:  226:  }
        -:  227:
       20:  228:  return 0;
        -:  229:}
        -:  230:
function playCard called 0 returned 0% blocks executed 0%
    #####:  231:int playCard(int handPos, int choice1, int choice2, int choice3, struct gameState *state) 
        -:  232:{	
        -:  233:  int card;
    #####:  234:  int coin_bonus = 0; 		//tracks coins gain from actions
        -:  235:
        -:  236:  //check if it is the right phase
    #####:  237:  if (state->phase != 0)
branch  0 never executed
branch  1 never executed
        -:  238:    {
    #####:  239:      return -1;
        -:  240:    }
        -:  241:	
        -:  242:  //check if player has enough actions
    #####:  243:  if ( state->numActions < 1 )
branch  0 never executed
branch  1 never executed
        -:  244:    {
    #####:  245:      return -1;
        -:  246:    }
        -:  247:	
        -:  248:  //get card played
    #####:  249:  card = handCard(handPos, state);
call    0 never executed
        -:  250:	
        -:  251:  //check if selected card is an action
    #####:  252:  if ( card < adventurer || card > treasure_map )
branch  0 never executed
branch  1 never executed
branch  2 never executed
branch  3 never executed
        -:  253:    {
    #####:  254:      return -1;
        -:  255:    }
        -:  256:	
        -:  257:  //play card
    #####:  258:  if ( cardEffect(card, choice1, choice2, choice3, state, handPos, &coin_bonus) < 0 )
call    0 never executed
branch  1 never executed
branch  2 never executed
        -:  259:    {
    #####:  260:      return -1;
        -:  261:    }
        -:  262:	
        -:  263:  //reduce number of actions
    #####:  264:  state->numActions--;
        -:  265:
        -:  266:  //update coins (Treasure cards may be added with card draws)
    #####:  267:  updateCoins(state->whoseTurn, state, coin_bonus);
call    0 never executed
        -:  268:	
    #####:  269:  return 0;
        -:  270:}
        -:  271:
function buyCard called 0 returned 0% blocks executed 0%
    #####:  272:int buyCard(int supplyPos, struct gameState *state) {
        -:  273:  int who;
        -:  274:  if (DEBUG){
        -:  275:    printf("Entering buyCard...\n");
        -:  276:  }
        -:  277:
        -:  278:  // I don't know what to do about the phase thing.
        -:  279:
    #####:  280:  who = state->whoseTurn;
        -:  281:
    #####:  282:  if (state->numBuys < 1){
branch  0 never executed
branch  1 never executed
        -:  283:    if (DEBUG)
        -:  284:      printf("You do not have any buys left\n");
    #####:  285:    return -1;
    #####:  286:  } else if (supplyCount(supplyPos, state) <1){
call    0 never executed
branch  1 never executed
branch  2 never executed
        -:  287:    if (DEBUG)
        -:  288:      printf("There are not any of that type of card left\n");
    #####:  289:    return -1;
    #####:  290:  } else if (state->coins < getCost(supplyPos)){
call    0 never executed
branch  1 never executed
branch  2 never executed
        -:  291:    if (DEBUG) 
        -:  292:      printf("You do not have enough money to buy that. You have %d coins.\n", state->coins);
    #####:  293:    return -1;
        -:  294:  } else {
    #####:  295:    state->phase=1;
        -:  296:    //state->supplyCount[supplyPos]--;
    #####:  297:    gainCard(supplyPos, state, 0, who); //card goes in discard, this might be wrong.. (2 means goes into hand, 0 goes into discard)
call    0 never executed
        -:  298:  
    #####:  299:    state->coins = (state->coins) - (getCost(supplyPos));
call    0 never executed
    #####:  300:    state->numBuys--;
        -:  301:    if (DEBUG)
        -:  302:      printf("You bought card number %d for %d coins. You now have %d buys and %d coins.\n", supplyPos, getCost(supplyPos), state->numBuys, state->coins);
        -:  303:  }
        -:  304:
        -:  305:  //state->discard[who][state->discardCount[who]] = supplyPos;
        -:  306:  //state->discardCount[who]++;
        -:  307:    
    #####:  308:  return 0;
        -:  309:}
        -:  310:
function numHandCards called 0 returned 0% blocks executed 0%
    #####:  311:int numHandCards(struct gameState *state) {
    #####:  312:  return state->handCount[ whoseTurn(state) ];
call    0 never executed
        -:  313:}
        -:  314:
function handCard called 0 returned 0% blocks executed 0%
    #####:  315:int handCard(int handPos, struct gameState *state) {
    #####:  316:  int currentPlayer = whoseTurn(state);
call    0 never executed
    #####:  317:  return state->hand[currentPlayer][handPos];
        -:  318:}
        -:  319:
function supplyCount called 30 returned 100% blocks executed 100%
       30:  320:int supplyCount(int card, struct gameState *state) {
       30:  321:  return state->supplyCount[card];
        -:  322:}
        -:  323:
function fullDeckCount called 160 returned 100% blocks executed 100%
      160:  324:int fullDeckCount(int player, int card, struct gameState *state) {
        -:  325:  int i;
      160:  326:  int count = 0;
        -:  327:
     2635:  328:  for (i = 0; i < state->deckCount[player]; i++)
branch  0 taken 94%
branch  1 taken 6% (fallthrough)
        -:  329:    {
     2475:  330:      if (state->deck[player][i] == card) count++;
branch  0 taken 1% (fallthrough)
branch  1 taken 99%
        -:  331:    }
        -:  332:
     2635:  333:  for (i = 0; i < state->handCount[player]; i++)
branch  0 taken 94%
branch  1 taken 6% (fallthrough)
        -:  334:    {
     2475:  335:      if (state->hand[player][i] == card) count++;
branch  0 taken 2% (fallthrough)
branch  1 taken 98%
        -:  336:    }
        -:  337:
     2635:  338:  for (i = 0; i < state->discardCount[player]; i++)
branch  0 taken 94%
branch  1 taken 6% (fallthrough)
        -:  339:    {
     2475:  340:      if (state->discard[player][i] == card) count++;
branch  0 taken 4% (fallthrough)
branch  1 taken 96%
        -:  341:    }
        -:  342:
      160:  343:  return count;
        -:  344:}
        -:  345:
function whoseTurn called 60 returned 100% blocks executed 100%
       60:  346:int whoseTurn(struct gameState *state) {
       60:  347:  return state->whoseTurn;
        -:  348:}
        -:  349:
function endTurn called 0 returned 0% blocks executed 0%
    #####:  350:int endTurn(struct gameState *state) {
        -:  351:  int k;
        -:  352:  int i;
    #####:  353:  int currentPlayer = whoseTurn(state);
call    0 never executed
        -:  354:  
        -:  355:  //Discard hand
    #####:  356:  for (i = 0; i < state->handCount[currentPlayer]; i++){
branch  0 never executed
branch  1 never executed
    #####:  357:    state->discard[currentPlayer][state->discardCount[currentPlayer]++] = state->hand[currentPlayer][i];//Discard
    #####:  358:    state->hand[currentPlayer][i] = -1;//Set card to -1
        -:  359:  }
    #####:  360:  state->handCount[currentPlayer] = 0;//Reset hand count
        -:  361:    
        -:  362:  //Code for determining the player
    #####:  363:  if (currentPlayer < (state->numPlayers - 1)){ 
branch  0 never executed
branch  1 never executed
    #####:  364:    state->whoseTurn = currentPlayer + 1;//Still safe to increment
        -:  365:  }
        -:  366:  else{
    #####:  367:    state->whoseTurn = 0;//Max player has been reached, loop back around to player 1
        -:  368:  }
        -:  369:
    #####:  370:  state->outpostPlayed = 0;
    #####:  371:  state->phase = 0;
    #####:  372:  state->numActions = 1;
    #####:  373:  state->coins = 0;
    #####:  374:  state->numBuys = 1;
    #####:  375:  state->playedCardCount = 0;
    #####:  376:  state->handCount[state->whoseTurn] = 0;
        -:  377:
        -:  378:  //int k; move to top
        -:  379:  //Next player draws hand
    #####:  380:  for (k = 0; k < 5; k++){
branch  0 never executed
branch  1 never executed
    #####:  381:    drawCard(state->whoseTurn, state);//Draw a card
call    0 never executed
        -:  382:  }
        -:  383:
        -:  384:  //Update money
    #####:  385:  updateCoins(state->whoseTurn, state , 0);
call    0 never executed
        -:  386:
    #####:  387:  return 0;
        -:  388:}
        -:  389:
function isGameOver called 25 returned 100% blocks executed 100%
       25:  390:int isGameOver(struct gameState *state) {
        -:  391:  int i;
        -:  392:  int j;
        -:  393:	
        -:  394:  //if stack of Province cards is empty, the game ends
       25:  395:  if (state->supplyCount[province] == 0)
branch  0 taken 20% (fallthrough)
branch  1 taken 80%
        -:  396:    {
        5:  397:      return 1;
        -:  398:    }
        -:  399:
        -:  400:  //if three supply pile are at 0, the game ends
       20:  401:  j = 0;
      520:  402:  for (i = 0; i < 25; i++)
branch  0 taken 96%
branch  1 taken 4% (fallthrough)
        -:  403:    {
      500:  404:      if (state->supplyCount[i] == 0)
branch  0 taken 6% (fallthrough)
branch  1 taken 94%
        -:  405:	{
       30:  406:	  j++;
        -:  407:	}
        -:  408:    }
       20:  409:  if ( j >= 3)
branch  0 taken 25% (fallthrough)
branch  1 taken 75%
        -:  410:    {
        5:  411:      return 1;
        -:  412:    }
        -:  413:
       15:  414:  return 0;
        -:  415:}
        -:  416:
function scoreFor called 0 returned 0% blocks executed 0%
    #####:  417:int scoreFor (int player, struct gameState *state) {
        -:  418:
        -:  419:  int i;
    #####:  420:  int score = 0;
        -:  421:  //score from hand
    #####:  422:  for (i = 0; i < state->handCount[player]; i++)
branch  0 never executed
branch  1 never executed
        -:  423:    {
    #####:  424:      if (state->hand[player][i] == curse) { score = score - 1; };
branch  0 never executed
branch  1 never executed
    #####:  425:      if (state->hand[player][i] == estate) { score = score + 1; };
branch  0 never executed
branch  1 never executed
    #####:  426:      if (state->hand[player][i] == duchy) { score = score + 3; };
branch  0 never executed
branch  1 never executed
    #####:  427:      if (state->hand[player][i] == province) { score = score + 6; };
branch  0 never executed
branch  1 never executed
    #####:  428:      if (state->hand[player][i] == great_hall) { score = score + 1; };
branch  0 never executed
branch  1 never executed
    #####:  429:      if (state->hand[player][i] == gardens) { score = score + ( fullDeckCount(player, 0, state) / 10 ); };
branch  0 never executed
branch  1 never executed
call    2 never executed
        -:  430:    }
        -:  431:
        -:  432:  //score from discard
    #####:  433:  for (i = 0; i < state->discardCount[player]; i++)
branch  0 never executed
branch  1 never executed
        -:  434:    {
    #####:  435:      if (state->discard[player][i] == curse) { score = score - 1; };
branch  0 never executed
branch  1 never executed
    #####:  436:      if (state->discard[player][i] == estate) { score = score + 1; };
branch  0 never executed
branch  1 never executed
    #####:  437:      if (state->discard[player][i] == duchy) { score = score + 3; };
branch  0 never executed
branch  1 never executed
    #####:  438:      if (state->discard[player][i] == province) { score = score + 6; };
branch  0 never executed
branch  1 never executed
    #####:  439:      if (state->discard[player][i] == great_hall) { score = score + 1; };
branch  0 never executed
branch  1 never executed
    #####:  440:      if (state->discard[player][i] == gardens) { score = score + ( fullDeckCount(player, 0, state) / 10 ); };
branch  0 never executed
branch  1 never executed
call    2 never executed
        -:  441:    }
        -:  442:
        -:  443:  //score from deck
    #####:  444:  for (i = 0; i < state->discardCount[player]; i++)
branch  0 never executed
branch  1 never executed
        -:  445:    {
    #####:  446:      if (state->deck[player][i] == curse) { score = score - 1; };
branch  0 never executed
branch  1 never executed
    #####:  447:      if (state->deck[player][i] == estate) { score = score + 1; };
branch  0 never executed
branch  1 never executed
    #####:  448:      if (state->deck[player][i] == duchy) { score = score + 3; };
branch  0 never executed
branch  1 never executed
    #####:  449:      if (state->deck[player][i] == province) { score = score + 6; };
branch  0 never executed
branch  1 never executed
    #####:  450:      if (state->deck[player][i] == great_hall) { score = score + 1; };
branch  0 never executed
branch  1 never executed
    #####:  451:      if (state->deck[player][i] == gardens) { score = score + ( fullDeckCount(player, 0, state) / 10 ); };
branch  0 never executed
branch  1 never executed
call    2 never executed
        -:  452:    }
        -:  453:
    #####:  454:  return score;
        -:  455:}
        -:  456:
function getWinners called 0 returned 0% blocks executed 0%
    #####:  457:int getWinners(int players[MAX_PLAYERS], struct gameState *state) {
        -:  458:  int i;	
        -:  459:  int j;
        -:  460:  int highScore;
        -:  461:  int currentPlayer;
        -:  462:
        -:  463:  //get score for each player
    #####:  464:  for (i = 0; i < MAX_PLAYERS; i++)
branch  0 never executed
branch  1 never executed
        -:  465:    {
        -:  466:      //set unused player scores to -9999
    #####:  467:      if (i >= state->numPlayers)
branch  0 never executed
branch  1 never executed
        -:  468:	{
    #####:  469:	  players[i] = -9999;
        -:  470:	}
        -:  471:      else
        -:  472:	{
    #####:  473:	  players[i] = scoreFor (i, state);
call    0 never executed
        -:  474:	}
        -:  475:    }
        -:  476:
        -:  477:  //find highest score
    #####:  478:  j = 0;
    #####:  479:  for (i = 0; i < MAX_PLAYERS; i++)
branch  0 never executed
branch  1 never executed
        -:  480:    {
    #####:  481:      if (players[i] > players[j])
branch  0 never executed
branch  1 never executed
        -:  482:	{
    #####:  483:	  j = i;
        -:  484:	}
        -:  485:    }
    #####:  486:  highScore = players[j];
        -:  487:
        -:  488:  //add 1 to players who had less turns
    #####:  489:  currentPlayer = whoseTurn(state);
call    0 never executed
    #####:  490:  for (i = 0; i < MAX_PLAYERS; i++)
branch  0 never executed
branch  1 never executed
        -:  491:    {
    #####:  492:      if ( players[i] == highScore && i > currentPlayer )
branch  0 never executed
branch  1 never executed
branch  2 never executed
branch  3 never executed
        -:  493:	{
    #####:  494:	  players[i]++;
        -:  495:	}
        -:  496:    }
        -:  497:
        -:  498:  //find new highest score
    #####:  499:  j = 0;
    #####:  500:  for (i = 0; i < MAX_PLAYERS; i++)
branch  0 never executed
branch  1 never executed
        -:  501:    {
    #####:  502:      if ( players[i] > players[j] )
branch  0 never executed
branch  1 never executed
        -:  503:	{
    #####:  504:	  j = i;
        -:  505:	}
        -:  506:    }
    #####:  507:  highScore = players[j];
        -:  508:
        -:  509:  //set winners in array to 1 and rest to 0
    #####:  510:  for (i = 0; i < MAX_PLAYERS; i++)
branch  0 never executed
branch  1 never executed
        -:  511:    {
    #####:  512:      if ( players[i] == highScore )
branch  0 never executed
branch  1 never executed
        -:  513:	{
    #####:  514:	  players[i] = 1;
        -:  515:	}
        -:  516:      else
        -:  517:	{
    #####:  518:	  players[i] = 0;
        -:  519:	}
        -:  520:    }
        -:  521:
    #####:  522:  return 0;
        -:  523:}
        -:  524:
function drawCard called 350 returned 100% blocks executed 92%
      350:  525:int drawCard(int player, struct gameState *state)
        -:  526:{	int count;
        -:  527:  int deckCounter;
      350:  528:  if (state->deckCount[player] <= 0){//Deck is empty
branch  0 taken 6% (fallthrough)
branch  1 taken 94%
        -:  529:    
        -:  530:    //Step 1 Shuffle the discard pile back into a deck
        -:  531:    int i;
        -:  532:    //Move discard to deck
      365:  533:    for (i = 0; i < state->discardCount[player];i++){
branch  0 taken 95%
branch  1 taken 5% (fallthrough)
      345:  534:      state->deck[player][i] = state->discard[player][i];
      345:  535:      state->discard[player][i] = -1;
        -:  536:    }
        -:  537:
       20:  538:    state->deckCount[player] = state->discardCount[player];
       20:  539:    state->discardCount[player] = 0;//Reset discard
        -:  540:
        -:  541:    //Shufffle the deck
       20:  542:    shuffle(player, state);//Shuffle the deck up and make it so that we can draw
call    0 returned 100%
        -:  543:   
        -:  544:    if (DEBUG){//Debug statements
        -:  545:      printf("Deck count now: %d\n", state->deckCount[player]);
        -:  546:    }
        -:  547:    
       20:  548:    state->discardCount[player] = 0;
        -:  549:
        -:  550:    //Step 2 Draw Card
       20:  551:    count = state->handCount[player];//Get current player's hand count
        -:  552:    
        -:  553:    if (DEBUG){//Debug statements
        -:  554:      printf("Current hand count: %d\n", count);
        -:  555:    }
        -:  556:    
       20:  557:    deckCounter = state->deckCount[player];//Create a holder for the deck count
        -:  558:
       20:  559:    if (deckCounter == 0)
branch  0 taken 0% (fallthrough)
branch  1 taken 100%
    #####:  560:      return -1;
        -:  561:
       20:  562:    state->hand[player][count] = state->deck[player][deckCounter - 1];//Add card to hand
       20:  563:    state->deckCount[player]--;
       20:  564:    state->handCount[player]++;//Increment hand count
        -:  565:  }
        -:  566:
        -:  567:  else{
      330:  568:    int count = state->handCount[player];//Get current hand count for player
        -:  569:    int deckCounter;
        -:  570:    if (DEBUG){//Debug statements
        -:  571:      printf("Current hand count: %d\n", count);
        -:  572:    }
        -:  573:
      330:  574:    deckCounter = state->deckCount[player];//Create holder for the deck count
      330:  575:    state->hand[player][count] = state->deck[player][deckCounter - 1];//Add card to the hand
      330:  576:    state->deckCount[player]--;
      330:  577:    state->handCount[player]++;//Increment hand count
        -:  578:  }
        -:  579:
      350:  580:  return 0;
        -:  581:}
        -:  582:
function getCost called 30 returned 100% blocks executed 17%
       30:  583:int getCost(int cardNumber)
        -:  584:{
       30:  585:  switch( cardNumber ) 
branch  0 taken 50%
branch  1 taken 0%
branch  2 taken 0%
branch  3 taken 0%
branch  4 taken 33%
branch  5 taken 17%
branch  6 taken 0%
branch  7 taken 0%
branch  8 taken 0%
branch  9 taken 0%
branch 10 taken 0%
branch 11 taken 0%
branch 12 taken 0%
branch 13 taken 0%
branch 14 taken 0%
branch 15 taken 0%
branch 16 taken 0%
branch 17 taken 0%
branch 18 taken 0%
branch 19 taken 0%
branch 20 taken 0%
branch 21 taken 0%
branch 22 taken 0%
branch 23 taken 0%
branch 24 taken 0%
branch 25 taken 0%
branch 26 taken 0%
branch 27 taken 0%
        -:  586:    {
        -:  587:    case curse:
       15:  588:      return 0;
        -:  589:    case estate:
    #####:  590:      return 2;
        -:  591:    case duchy:
    #####:  592:      return 5;
        -:  593:    case province:
    #####:  594:      return 8;
        -:  595:    case copper:
       10:  596:      return 0;
        -:  597:    case silver:
        5:  598:      return 3;
        -:  599:    case gold:
    #####:  600:      return 6;
        -:  601:    case adventurer:
    #####:  602:      return 6;
        -:  603:    case council_room:
    #####:  604:      return 5;
        -:  605:    case feast:
    #####:  606:      return 4;
        -:  607:    case gardens:
    #####:  608:      return 4;
        -:  609:    case mine:
    #####:  610:      return 5;
        -:  611:    case remodel:
    #####:  612:      return 4;
        -:  613:    case smithy:
    #####:  614:      return 4;
        -:  615:    case village:
    #####:  616:      return 3;
        -:  617:    case baron:
    #####:  618:      return 4;
        -:  619:    case great_hall:
    #####:  620:      return 3;
        -:  621:    case minion:
    #####:  622:      return 5;
        -:  623:    case steward:
    #####:  624:      return 3;
        -:  625:    case tribute:
    #####:  626:      return 5;
        -:  627:    case ambassador:
    #####:  628:      return 3;
        -:  629:    case cutpurse:
    #####:  630:      return 4;
        -:  631:    case embargo: 
    #####:  632:      return 2;
        -:  633:    case outpost:
    #####:  634:      return 5;
        -:  635:    case salvager:
    #####:  636:      return 4;
        -:  637:    case sea_hag:
    #####:  638:      return 4;
        -:  639:    case treasure_map:
    #####:  640:      return 4;
        -:  641:    }
        -:  642:	
    #####:  643:  return -1;
        -:  644:}
        -:  645:
function smithyCardEffect called 10 returned 100% blocks executed 100%
       10:  646:int smithyCardEffect(int currentPlayer, struct gameState *state, int handPos) {
        -:  647:  //+3 Cards
        -:  648:  int i;
       40:  649:  for (i = 0; i < 3; i++)
branch  0 taken 75%
branch  1 taken 25% (fallthrough)
        -:  650:  {
       30:  651:    drawCard(currentPlayer, state);
call    0 returned 100%
        -:  652:  }
        -:  653:		
        -:  654:  //discard card from hand
       10:  655:  discardCard(handPos, currentPlayer, state, 0);
call    0 returned 100%
       10:  656:  return 0;
        -:  657:}
        -:  658:
function adventurerCardEffect called 20 returned 100% blocks executed 100%
       20:  659:int adventurerCardEffect(struct gameState *state, int currentPlayer) {
       20:  660:	  int drawntreasure=0;
        -:  661:	  int cardDrawn;
        -:  662:	  int temphand[MAX_HAND];
       20:  663:	  int z = 0;
        -:  664:	  
        -:  665:
      300:  666:       while(drawntreasure<2){
branch  0 taken 93%
branch  1 taken 7% (fallthrough)
      260:  667:	if (state->deckCount[currentPlayer] <1){//if the deck is empty we need to shuffle discard and add to deck
branch  0 taken 4% (fallthrough)
branch  1 taken 96%
       10:  668:	  shuffle(currentPlayer, state);
call    0 returned 100%
        -:  669:	}
      260:  670:	drawCard(currentPlayer, state);
call    0 returned 100%
      260:  671:	cardDrawn = state->hand[currentPlayer][state->handCount[currentPlayer]-1];//top card of hand is most recently drawn card.
      260:  672:	if (cardDrawn == copper || cardDrawn == silver)
branch  0 taken 85% (fallthrough)
branch  1 taken 15%
branch  2 taken 0% (fallthrough)
branch  3 taken 100%
       40:  673:	  drawntreasure++;
        -:  674:	else{
      220:  675:	  temphand[z]=cardDrawn;
      220:  676:	  state->handCount[currentPlayer]--; //this should just remove the top card (the most recently drawn one).
      220:  677:	  z++;
        -:  678:	}
        -:  679:      }
      240:  680:      while(z-2 >= 0){
branch  0 taken 91%
branch  1 taken 9% (fallthrough)
      200:  681:	state->discard[currentPlayer][state->discardCount[currentPlayer]++]=temphand[z-1]; // discard all cards in play that have been drawn
      200:  682:	z=z-1;
        -:  683:      }
       20:  684:      return 0;
        -:  685:}
        -:  686: 
function mineCardEffect called 15 returned 100% blocks executed 45%
       15:  687:int mineCardEffect(struct gameState *state, int currentPlayer, int choice1, int choice2, int handPos) {
        -:  688:      int j;
        -:  689:      int i;
       15:  690:      j = state->hand[currentPlayer][choice1];  //store card we will trash
        -:  691:
       15:  692:      if (state->hand[currentPlayer][choice1] < copper || state->hand[currentPlayer][choice1] > gold)
branch  0 taken 100% (fallthrough)
branch  1 taken 0%
branch  2 taken 0% (fallthrough)
branch  3 taken 100%
        -:  693:	{
    #####:  694:	  return -1;
        -:  695:	}
        -:  696:		
       15:  697:      if (choice2 > treasure_map || choice2 < curse)
branch  0 taken 100% (fallthrough)
branch  1 taken 0%
branch  2 taken 0% (fallthrough)
branch  3 taken 100%
        -:  698:	{
    #####:  699:	  return -1;
        -:  700:	}
        -:  701:
       15:  702:      if ( (getCost(state->hand[currentPlayer][choice1]) + 3) > getCost(choice2) + 1 )
call    0 returned 100%
call    1 returned 100%
branch  2 taken 100% (fallthrough)
branch  3 taken 0%
        -:  703:	{
       15:  704:	  return -1;
        -:  705:	}
        -:  706:
    #####:  707:      gainCard(choice2, state, 2, currentPlayer);
call    0 never executed
        -:  708:
        -:  709:      //discard card from hand
    #####:  710:      discardCard(handPos, currentPlayer, state, 0);
call    0 never executed
        -:  711:
        -:  712:      //discard trashed card
    #####:  713:      for (i = 0; i < state->handCount[currentPlayer]; i++)
branch  0 never executed
branch  1 never executed
        -:  714:	{
    #####:  715:	  if (state->hand[currentPlayer][i] == j)
branch  0 never executed
branch  1 never executed
        -:  716:	    {
    #####:  717:	      discardCard(i + 1, currentPlayer, state, 0);
call    0 never executed
    #####:  718:	      break;
        -:  719:	    }
        -:  720:	}
        -:  721:			
    #####:  722:      return 0;
        -:  723:
        -:  724:}
        -:  725:
function villageEffectCard called 0 returned 0% blocks executed 0%
    #####:  726:int villageEffectCard(int currentPlayer, struct gameState *state, int handPos) {
        -:  727:	      //+1 Card
    #####:  728:      drawCard(currentPlayer, state);
call    0 never executed
        -:  729:			
        -:  730:      //+2 Actions
    #####:  731:      state->numActions = state->numActions + 2;
        -:  732:			
        -:  733:      //discard played card from hand
    #####:  734:      discardCard(handPos, currentPlayer, state, 0);
call    0 never executed
    #####:  735:      return 0;
        -:  736:}
        -:  737:
function remodelCardEffect called 0 returned 0% blocks executed 0%
    #####:  738:int remodelCardEffect(struct gameState *state, int currentPlayer, int choice1, int choice2,int handPos) {
        -:  739:int j;
        -:  740:int i;
    #####:  741:   j = state->hand[currentPlayer][choice1];  //store card we will trash
        -:  742:
    #####:  743:      if ( (getCost(state->hand[currentPlayer][choice1]) + 2) > getCost(choice2) + 1 )
call    0 never executed
call    1 never executed
branch  2 never executed
branch  3 never executed
        -:  744:	{
    #####:  745:	  return -1;
        -:  746:	}
        -:  747:
    #####:  748:      gainCard(choice2, state, 0, currentPlayer);
call    0 never executed
        -:  749:
        -:  750:      //discard card from hand
    #####:  751:      discardCard(handPos, currentPlayer, state, 0);
call    0 never executed
        -:  752:
        -:  753:      //discard trashed card
    #####:  754:      for (i = 0; i < state->handCount[currentPlayer]; i++)
branch  0 never executed
branch  1 never executed
        -:  755:	{
    #####:  756:	  if (state->hand[currentPlayer][i] == j)
branch  0 never executed
branch  1 never executed
        -:  757:	    {
    #####:  758:	      discardCard(i, currentPlayer, state, 0);			
call    0 never executed
    #####:  759:	      break;
        -:  760:	    }
        -:  761:	}
        -:  762:
        -:  763:
    #####:  764:      return 0;
        -:  765:}
        -:  766:	
function cardEffect called 60 returned 100% blocks executed 8%
       60:  767:int cardEffect(int card, int choice1, int choice2, int choice3, struct gameState *state, int handPos, int *bonus)
        -:  768:{
        -:  769:  int i;
        -:  770:  int j;
        -:  771:  int k;
        -:  772:  int x;
        -:  773:  int index;
       60:  774:  int currentPlayer = whoseTurn(state);
call    0 returned 100%
       60:  775:  int nextPlayer = currentPlayer + 1;
        -:  776:
       60:  777:  int tributeRevealedCards[2] = {-1, -1};
        -:  778:  int temphand[MAX_HAND];// moved above the if statement
       60:  779:  if (nextPlayer > (state->numPlayers - 1)){
branch  0 taken 100% (fallthrough)
branch  1 taken 0%
       60:  780:    nextPlayer = 0;
        -:  781:  }
        -:  782:  
        -:  783:	
        -:  784:  //uses switch to select card and perform actions
       60:  785:  switch( card ) 
branch  0 taken 33%
branch  1 taken 25%
branch  2 taken 0%
branch  3 taken 0%
branch  4 taken 25%
branch  5 taken 0%
branch  6 taken 17%
branch  7 taken 0%
branch  8 taken 0%
branch  9 taken 0%
branch 10 taken 0%
branch 11 taken 0%
branch 12 taken 0%
branch 13 taken 0%
branch 14 taken 0%
branch 15 taken 0%
branch 16 taken 0%
branch 17 taken 0%
branch 18 taken 0%
branch 19 taken 0%
branch 20 taken 0%
        -:  786:    {
        -:  787:    case adventurer:
       20:  788:      return adventurerCardEffect(state, currentPlayer);
call    0 returned 100%
        -:  789:			
        -:  790:    case council_room:
        -:  791:      //+4 Cards
       75:  792:      for (i = 0; i < 4; i++)
branch  0 taken 80%
branch  1 taken 20% (fallthrough)
        -:  793:	{
       60:  794:	  drawCard(currentPlayer, state);
call    0 returned 100%
        -:  795:	}
        -:  796:			
        -:  797:      //+1 Buy
       15:  798:      state->numBuys++;
        -:  799:			
        -:  800:      //Each other player draws a card
       15:  801:      for (i = 0; i < state->numPlayers; i++)
branch  0 taken 0%
branch  1 taken 100% (fallthrough)
        -:  802:	{
    #####:  803:	  if ( i != currentPlayer )
branch  0 never executed
branch  1 never executed
        -:  804:	    {
    #####:  805:	      drawCard(i, state);
call    0 never executed
        -:  806:	    }
        -:  807:	}
        -:  808:			
        -:  809:      //put played card in played card pile
       15:  810:      discardCard(handPos, currentPlayer, state, 0);
call    0 returned 100%
        -:  811:			
       15:  812:      return 0;
        -:  813:			
        -:  814:    case feast:
        -:  815:      //gain card with cost up to 5
        -:  816:      //Backup hand
    #####:  817:      for (i = 0; i <= state->handCount[currentPlayer]; i++){
branch  0 never executed
branch  1 never executed
    #####:  818:	temphand[i] = state->hand[currentPlayer][i];//Backup card
    #####:  819:	state->hand[currentPlayer][i] = -1;//Set to nothing
        -:  820:      }
        -:  821:      //Backup hand
        -:  822:
        -:  823:      //Update Coins for Buy
    #####:  824:      updateCoins(currentPlayer, state, 5);
call    0 never executed
    #####:  825:      x = 1;//Condition to loop on
    #####:  826:      while( x == 1) {//Buy one card
branch  0 never executed
branch  1 never executed
    #####:  827:	if (supplyCount(choice1, state) <= 0){
call    0 never executed
branch  1 never executed
branch  2 never executed
        -:  828:	  if (DEBUG)
        -:  829:	    printf("None of that card left, sorry!\n");
        -:  830:
        -:  831:	  if (DEBUG){
        -:  832:	    printf("Cards Left: %d\n", supplyCount(choice1, state));
        -:  833:	  }
        -:  834:	}
    #####:  835:	else if (state->coins < getCost(choice1)){
call    0 never executed
branch  1 never executed
branch  2 never executed
    #####:  836:	  printf("That card is too expensive!\n");
call    0 never executed
        -:  837:
        -:  838:	  if (DEBUG){
        -:  839:	    printf("Coins: %d < %d\n", state->coins, getCost(choice1));
        -:  840:	  }
        -:  841:	}
        -:  842:	else{
        -:  843:
        -:  844:	  if (DEBUG){
        -:  845:	    printf("Deck Count: %d\n", state->handCount[currentPlayer] + state->deckCount[currentPlayer] + state->discardCount[currentPlayer]);
        -:  846:	  }
        -:  847:
    #####:  848:	  gainCard(choice1, state, 0, currentPlayer);//Gain the card
call    0 never executed
    #####:  849:	  x = 0;//No more buying cards
        -:  850:
        -:  851:	  if (DEBUG){
        -:  852:	    printf("Deck Count: %d\n", state->handCount[currentPlayer] + state->deckCount[currentPlayer] + state->discardCount[currentPlayer]);
        -:  853:	  }
        -:  854:
        -:  855:	}
        -:  856:      }     
        -:  857:
        -:  858:      //Reset Hand
    #####:  859:      for (i = 0; i <= state->handCount[currentPlayer]; i++){
branch  0 never executed
branch  1 never executed
    #####:  860:	state->hand[currentPlayer][i] = temphand[i];
    #####:  861:	temphand[i] = -1;
        -:  862:      }
        -:  863:      //Reset Hand
        -:  864:      			
    #####:  865:      return 0;
        -:  866:			
        -:  867:    case gardens:
    #####:  868:      return -1;
        -:  869:			
        -:  870:    case mine:
       15:  871:      return mineCardEffect(state, currentPlayer, choice1, choice2, handPos);
call    0 returned 100%
        -:  872:			
        -:  873:    case remodel:
    #####:  874:      return remodelCardEffect(state, currentPlayer, choice1, choice2, handPos);
call    0 never executed
        -:  875:		
        -:  876:    case smithy:
       10:  877:      return smithyCardEffect(currentPlayer, state, handPos);
call    0 returned 100%
        -:  878:      
        -:  879:    case village:
    #####:  880:      return villageEffectCard(currentPlayer, state, handPos);
call    0 never executed
        -:  881:		
        -:  882:    case baron:
    #####:  883:      state->numBuys++;//Increase buys by 1!
    #####:  884:      if (choice1 > 0){//Boolean true or going to discard an estate
branch  0 never executed
branch  1 never executed
    #####:  885:	int p = 0;//Iterator for hand!
    #####:  886:	int card_not_discarded = 1;//Flag for discard set!
    #####:  887:	while(card_not_discarded){
branch  0 never executed
branch  1 never executed
    #####:  888:	  if (state->hand[currentPlayer][p] == estate){//Found an estate card!
branch  0 never executed
branch  1 never executed
    #####:  889:	    state->coins += 4;//Add 4 coins to the amount of coins
    #####:  890:	    state->discard[currentPlayer][state->discardCount[currentPlayer]] = state->hand[currentPlayer][p];
    #####:  891:	    state->discardCount[currentPlayer]++;
    #####:  892:	    for (;p < state->handCount[currentPlayer]; p++){
branch  0 never executed
branch  1 never executed
    #####:  893:	      state->hand[currentPlayer][p] = state->hand[currentPlayer][p+1];
        -:  894:	    }
    #####:  895:	    state->hand[currentPlayer][state->handCount[currentPlayer]] = -1;
    #####:  896:	    state->handCount[currentPlayer]--;
    #####:  897:	    card_not_discarded = 0;//Exit the loop
        -:  898:	  }
    #####:  899:	  else if (p > state->handCount[currentPlayer]){
branch  0 never executed
branch  1 never executed
        -:  900:	    if(DEBUG) {
        -:  901:	      printf("No estate cards in your hand, invalid choice\n");
        -:  902:	      printf("Must gain an estate if there are any\n");
        -:  903:	    }
    #####:  904:	    if (supplyCount(estate, state) > 0){
call    0 never executed
branch  1 never executed
branch  2 never executed
    #####:  905:	      gainCard(estate, state, 0, currentPlayer);
call    0 never executed
    #####:  906:	      state->supplyCount[estate]--;//Decrement estates
    #####:  907:	      if (supplyCount(estate, state) == 0){
call    0 never executed
branch  1 never executed
branch  2 never executed
    #####:  908:		isGameOver(state);
call    0 never executed
        -:  909:	      }
        -:  910:	    }
    #####:  911:	    card_not_discarded = 0;//Exit the loop
        -:  912:	  }
        -:  913:			    
        -:  914:	  else{
    #####:  915:	    p++;//Next card
        -:  916:	  }
        -:  917:	}
        -:  918:      }
        -:  919:			    
        -:  920:      else{
    #####:  921:	if (supplyCount(estate, state) > 0){
call    0 never executed
branch  1 never executed
branch  2 never executed
    #####:  922:	  gainCard(estate, state, 0, currentPlayer);//Gain an estate
call    0 never executed
    #####:  923:	  state->supplyCount[estate]--;//Decrement Estates
    #####:  924:	  if (supplyCount(estate, state) == 0){
call    0 never executed
branch  1 never executed
branch  2 never executed
    #####:  925:	    isGameOver(state);
call    0 never executed
        -:  926:	  }
        -:  927:	}
        -:  928:      }
        -:  929:	    
        -:  930:      
    #####:  931:      return 0;
        -:  932:		
        -:  933:    case great_hall:
        -:  934:      //+1 Card
    #####:  935:      drawCard(currentPlayer, state);
call    0 never executed
        -:  936:			
        -:  937:      //+1 Actions
    #####:  938:      state->numActions++;
        -:  939:			
        -:  940:      //discard card from hand
    #####:  941:      discardCard(handPos, currentPlayer, state, 0);
call    0 never executed
    #####:  942:      return 0;
        -:  943:		
        -:  944:    case minion:
        -:  945:      //+1 action
    #####:  946:      state->numActions++;
        -:  947:			
        -:  948:      //discard card from hand
    #####:  949:      discardCard(handPos, currentPlayer, state, 0);
call    0 never executed
        -:  950:			
    #####:  951:      if (choice1)		//+2 coins
branch  0 never executed
branch  1 never executed
        -:  952:	{
    #####:  953:	  state->coins = state->coins + 2;
        -:  954:	}
        -:  955:			
    #####:  956:      else if (choice2)		//discard hand, redraw 4, other players with 5+ cards discard hand and draw 4
branch  0 never executed
branch  1 never executed
        -:  957:	{
        -:  958:	  //discard hand
    #####:  959:	  while(numHandCards(state) > 0)
call    0 never executed
branch  1 never executed
branch  2 never executed
        -:  960:	    {
    #####:  961:	      discardCard(handPos, currentPlayer, state, 0);
call    0 never executed
        -:  962:	    }
        -:  963:				
        -:  964:	  //draw 4
    #####:  965:	  for (i = 0; i < 4; i++)
branch  0 never executed
branch  1 never executed
        -:  966:	    {
    #####:  967:	      drawCard(currentPlayer, state);
call    0 never executed
        -:  968:	    }
        -:  969:				
        -:  970:	  //other players discard hand and redraw if hand size > 4
    #####:  971:	  for (i = 0; i < state->numPlayers; i++)
branch  0 never executed
branch  1 never executed
        -:  972:	    {
    #####:  973:	      if (i != currentPlayer)
branch  0 never executed
branch  1 never executed
        -:  974:		{
    #####:  975:		  if ( state->handCount[i] > 4 )
branch  0 never executed
branch  1 never executed
        -:  976:		    {
        -:  977:		      //discard hand
    #####:  978:		      while( state->handCount[i] > 0 )
branch  0 never executed
branch  1 never executed
        -:  979:			{
    #####:  980:			  discardCard(handPos, i, state, 0);
call    0 never executed
        -:  981:			}
        -:  982:							
        -:  983:		      //draw 4
    #####:  984:		      for (j = 0; j < 4; j++)
branch  0 never executed
branch  1 never executed
        -:  985:			{
    #####:  986:			  drawCard(i, state);
call    0 never executed
        -:  987:			}
        -:  988:		    }
        -:  989:		}
        -:  990:	    }
        -:  991:				
        -:  992:	}
    #####:  993:      return 0;
        -:  994:		
        -:  995:    case steward:
    #####:  996:      if (choice1 == 1)
branch  0 never executed
branch  1 never executed
        -:  997:	{
        -:  998:	  //+2 cards
    #####:  999:	  drawCard(currentPlayer, state);
call    0 never executed
    #####: 1000:	  drawCard(currentPlayer, state);
call    0 never executed
        -: 1001:	}
    #####: 1002:      else if (choice1 == 2)
branch  0 never executed
branch  1 never executed
        -: 1003:	{
        -: 1004:	  //+2 coins
    #####: 1005:	  state->coins = state->coins + 2;
        -: 1006:	}
        -: 1007:      else
        -: 1008:	{
        -: 1009:	  //trash 2 cards in hand
    #####: 1010:	  discardCard(choice2, currentPlayer, state, 1);
call    0 never executed
    #####: 1011:	  discardCard(choice3, currentPlayer, state, 1);
call    0 never executed
        -: 1012:	}
        -: 1013:			
        -: 1014:      //discard card from hand
    #####: 1015:      discardCard(handPos, currentPlayer, state, 0);
call    0 never executed
    #####: 1016:      return 0;
        -: 1017:		
        -: 1018:    case tribute:
    #####: 1019:      if ((state->discardCount[nextPlayer] + state->deckCount[nextPlayer]) <= 1){
branch  0 never executed
branch  1 never executed
    #####: 1020:	if (state->deckCount[nextPlayer] > 0){
branch  0 never executed
branch  1 never executed
    #####: 1021:	  tributeRevealedCards[0] = state->deck[nextPlayer][state->deckCount[nextPlayer]-1];
    #####: 1022:	  state->deckCount[nextPlayer]--;
        -: 1023:	}
    #####: 1024:	else if (state->discardCount[nextPlayer] > 0){
branch  0 never executed
branch  1 never executed
    #####: 1025:	  tributeRevealedCards[0] = state->discard[nextPlayer][state->discardCount[nextPlayer]-1];
    #####: 1026:	  state->discardCount[nextPlayer]--;
        -: 1027:	}
        -: 1028:	else{
        -: 1029:	  //No Card to Reveal
        -: 1030:	  if (DEBUG){
        -: 1031:	    printf("No cards to reveal\n");
        -: 1032:	  }
        -: 1033:	}
        -: 1034:      }
        -: 1035:	    
        -: 1036:      else{
    #####: 1037:	if (state->deckCount[nextPlayer] == 0){
branch  0 never executed
branch  1 never executed
    #####: 1038:	  for (i = 0; i < state->discardCount[nextPlayer]; i++){
branch  0 never executed
branch  1 never executed
    #####: 1039:	    state->deck[nextPlayer][i] = state->discard[nextPlayer][i];//Move to deck
    #####: 1040:	    state->deckCount[nextPlayer]++;
    #####: 1041:	    state->discard[nextPlayer][i] = -1;
    #####: 1042:	    state->discardCount[nextPlayer]--;
        -: 1043:	  }
        -: 1044:			    
    #####: 1045:	  shuffle(nextPlayer,state);//Shuffle the deck
call    0 never executed
        -: 1046:	} 
    #####: 1047:	tributeRevealedCards[0] = state->deck[nextPlayer][state->deckCount[nextPlayer]-1];
    #####: 1048:	state->deck[nextPlayer][state->deckCount[nextPlayer]--] = -1;
    #####: 1049:	state->deckCount[nextPlayer]--;
    #####: 1050:	tributeRevealedCards[1] = state->deck[nextPlayer][state->deckCount[nextPlayer]-1];
    #####: 1051:	state->deck[nextPlayer][state->deckCount[nextPlayer]--] = -1;
    #####: 1052:	state->deckCount[nextPlayer]--;
        -: 1053:      }    
        -: 1054:		       
    #####: 1055:      if (tributeRevealedCards[0] == tributeRevealedCards[1]){//If we have a duplicate card, just drop one 
branch  0 never executed
branch  1 never executed
    #####: 1056:	state->playedCards[state->playedCardCount] = tributeRevealedCards[1];
    #####: 1057:	state->playedCardCount++;
    #####: 1058:	tributeRevealedCards[1] = -1;
        -: 1059:      }
        -: 1060:
    #####: 1061:      for (i = 0; i <= 2; i ++){
branch  0 never executed
branch  1 never executed
    #####: 1062:	if (tributeRevealedCards[i] == copper || tributeRevealedCards[i] == silver || tributeRevealedCards[i] == gold){//Treasure cards
branch  0 never executed
branch  1 never executed
branch  2 never executed
branch  3 never executed
branch  4 never executed
branch  5 never executed
    #####: 1063:	  state->coins += 2;
        -: 1064:	}
        -: 1065:		    
    #####: 1066:	else if (tributeRevealedCards[i] == estate || tributeRevealedCards[i] == duchy || tributeRevealedCards[i] == province || tributeRevealedCards[i] == gardens || tributeRevealedCards[i] == great_hall){//Victory Card Found
branch  0 never executed
branch  1 never executed
branch  2 never executed
branch  3 never executed
branch  4 never executed
branch  5 never executed
branch  6 never executed
branch  7 never executed
branch  8 never executed
branch  9 never executed
    #####: 1067:	  drawCard(currentPlayer, state);
call    0 never executed
    #####: 1068:	  drawCard(currentPlayer, state);
call    0 never executed
        -: 1069:	}
        -: 1070:	else{//Action Card
    #####: 1071:	  state->numActions = state->numActions + 2;
        -: 1072:	}
        -: 1073:      }
        -: 1074:	    
    #####: 1075:      return 0;
        -: 1076:		
        -: 1077:    case ambassador:
    #####: 1078:      j = 0;		//used to check if player has enough cards to discard
        -: 1079:
    #####: 1080:      if (choice2 > 2 || choice2 < 0)
branch  0 never executed
branch  1 never executed
branch  2 never executed
branch  3 never executed
        -: 1081:	{
    #####: 1082:	  return -1;				
        -: 1083:	}
        -: 1084:
    #####: 1085:      if (choice1 == handPos)
branch  0 never executed
branch  1 never executed
        -: 1086:	{
    #####: 1087:	  return -1;
        -: 1088:	}
        -: 1089:
    #####: 1090:      for (i = 0; i < state->handCount[currentPlayer]; i++)
branch  0 never executed
branch  1 never executed
        -: 1091:	{
    #####: 1092:	  if (i != handPos && i == state->hand[currentPlayer][choice1] && i != choice1)
branch  0 never executed
branch  1 never executed
branch  2 never executed
branch  3 never executed
branch  4 never executed
branch  5 never executed
        -: 1093:	    {
    #####: 1094:	      j++;
        -: 1095:	    }
        -: 1096:	}
    #####: 1097:      if (j < choice2)
branch  0 never executed
branch  1 never executed
        -: 1098:	{
    #####: 1099:	  return -1;				
        -: 1100:	}
        -: 1101:
        -: 1102:      if (DEBUG) 
        -: 1103:	printf("Player %d reveals card number: %d\n", currentPlayer, state->hand[currentPlayer][choice1]);
        -: 1104:
        -: 1105:      //increase supply count for choosen card by amount being discarded
    #####: 1106:      state->supplyCount[state->hand[currentPlayer][choice1]] += choice2;
        -: 1107:			
        -: 1108:      //each other player gains a copy of revealed card
    #####: 1109:      for (i = 0; i < state->numPlayers; i++)
branch  0 never executed
branch  1 never executed
        -: 1110:	{
    #####: 1111:	  if (i != currentPlayer)
branch  0 never executed
branch  1 never executed
        -: 1112:	    {
    #####: 1113:	      gainCard(state->hand[currentPlayer][choice1], state, 0, i);
call    0 never executed
        -: 1114:	    }
        -: 1115:	}
        -: 1116:
        -: 1117:      //discard played card from hand
    #####: 1118:      discardCard(handPos, currentPlayer, state, 0);			
call    0 never executed
        -: 1119:
        -: 1120:      //trash copies of cards returned to supply
    #####: 1121:      for (j = 0; j < choice2; j++)
branch  0 never executed
branch  1 never executed
        -: 1122:	{
    #####: 1123:	  for (i = 0; i < state->handCount[currentPlayer]; i++)
branch  0 never executed
branch  1 never executed
        -: 1124:	    {
    #####: 1125:	      if (state->hand[currentPlayer][i] == state->hand[currentPlayer][choice1])
branch  0 never executed
branch  1 never executed
        -: 1126:		{
    #####: 1127:		  discardCard(i, currentPlayer, state, 1);
call    0 never executed
    #####: 1128:		  break;
        -: 1129:		}
        -: 1130:	    }
        -: 1131:	}			
        -: 1132:
    #####: 1133:      return 0;
        -: 1134:		
        -: 1135:    case cutpurse:
        -: 1136:
    #####: 1137:      updateCoins(currentPlayer, state, 2);
call    0 never executed
    #####: 1138:      for (i = 0; i < state->numPlayers; i++)
branch  0 never executed
branch  1 never executed
        -: 1139:	{
    #####: 1140:	  if (i != currentPlayer)
branch  0 never executed
branch  1 never executed
        -: 1141:	    {
    #####: 1142:	      for (j = 0; j < state->handCount[i]; j++)
branch  0 never executed
branch  1 never executed
        -: 1143:		{
    #####: 1144:		  if (state->hand[i][j] == copper)
branch  0 never executed
branch  1 never executed
        -: 1145:		    {
    #####: 1146:		      discardCard(j, i, state, 0);
call    0 never executed
    #####: 1147:		      break;
        -: 1148:		    }
    #####: 1149:		  if (j == state->handCount[i])
branch  0 never executed
branch  1 never executed
        -: 1150:		    {
    #####: 1151:		      for (k = 0; k < state->handCount[i]; k++)
branch  0 never executed
branch  1 never executed
        -: 1152:			{
        -: 1153:			  if (DEBUG)
        -: 1154:			    printf("Player %d reveals card number %d\n", i, state->hand[i][k]);
        -: 1155:			}	
    #####: 1156:		      break;
        -: 1157:		    }		
        -: 1158:		}
        -: 1159:					
        -: 1160:	    }
        -: 1161:				
        -: 1162:	}				
        -: 1163:
        -: 1164:      //discard played card from hand
    #####: 1165:      discardCard(handPos, currentPlayer, state, 0);			
call    0 never executed
        -: 1166:
    #####: 1167:      return 0;
        -: 1168:
        -: 1169:		
        -: 1170:    case embargo: 
        -: 1171:      //+2 Coins
    #####: 1172:      state->coins = state->coins + 2;
        -: 1173:			
        -: 1174:      //see if selected pile is in play
    #####: 1175:      if ( state->supplyCount[choice1] == -1 )
branch  0 never executed
branch  1 never executed
        -: 1176:	{
    #####: 1177:	  return -1;
        -: 1178:	}
        -: 1179:			
        -: 1180:      //add embargo token to selected supply pile
    #####: 1181:      state->embargoTokens[choice1]++;
        -: 1182:			
        -: 1183:      //trash card
    #####: 1184:      discardCard(handPos, currentPlayer, state, 1);		
call    0 never executed
    #####: 1185:      return 0;
        -: 1186:		
        -: 1187:    case outpost:
        -: 1188:      //set outpost flag
    #####: 1189:      state->outpostPlayed++;
        -: 1190:			
        -: 1191:      //discard card
    #####: 1192:      discardCard(handPos, currentPlayer, state, 0);
call    0 never executed
    #####: 1193:      return 0;
        -: 1194:		
        -: 1195:    case salvager:
        -: 1196:      //+1 buy
    #####: 1197:      state->numBuys++;
        -: 1198:			
    #####: 1199:      if (choice1)
branch  0 never executed
branch  1 never executed
        -: 1200:	{
        -: 1201:	  //gain coins equal to trashed card
    #####: 1202:	  state->coins = state->coins + getCost( handCard(choice1, state) );
call    0 never executed
call    1 never executed
        -: 1203:	  //trash card
    #####: 1204:	  discardCard(choice1, currentPlayer, state, 1);	
call    0 never executed
        -: 1205:	}
        -: 1206:			
        -: 1207:      //discard card
    #####: 1208:      discardCard(handPos, currentPlayer, state, 0);
call    0 never executed
    #####: 1209:      return 0;
        -: 1210:		
        -: 1211:    case sea_hag:
    #####: 1212:      for (i = 0; i < state->numPlayers; i++){
branch  0 never executed
branch  1 never executed
    #####: 1213:	if (i != currentPlayer){
branch  0 never executed
branch  1 never executed
    #####: 1214:	  state->discard[i][state->discardCount[i]] = state->deck[i][state->deckCount[i]--];			    state->deckCount[i]--;
    #####: 1215:	  state->discardCount[i]++;
    #####: 1216:	  state->deck[i][state->deckCount[i]--] = curse;//Top card now a curse
        -: 1217:	}
        -: 1218:      }
    #####: 1219:      return 0;
        -: 1220:		
        -: 1221:    case treasure_map:
        -: 1222:      //search hand for another treasure_map
    #####: 1223:      index = -1;
    #####: 1224:      for (i = 0; i < state->handCount[currentPlayer]; i++)
branch  0 never executed
branch  1 never executed
        -: 1225:	{
    #####: 1226:	  if (state->hand[currentPlayer][i] == treasure_map && i != handPos)
branch  0 never executed
branch  1 never executed
branch  2 never executed
branch  3 never executed
        -: 1227:	    {
    #####: 1228:	      index = i;
    #####: 1229:	      break;
        -: 1230:	    }
        -: 1231:	}
    #####: 1232:      if (index > -1)
branch  0 never executed
branch  1 never executed
        -: 1233:	{
        -: 1234:	  //trash both treasure cards
    #####: 1235:	  discardCard(handPos, currentPlayer, state, 1);
call    0 never executed
    #####: 1236:	  discardCard(index, currentPlayer, state, 1);
call    0 never executed
        -: 1237:
        -: 1238:	  //gain 4 Gold cards
    #####: 1239:	  for (i = 0; i < 4; i++)
branch  0 never executed
branch  1 never executed
        -: 1240:	    {
    #####: 1241:	      gainCard(gold, state, 1, currentPlayer);
call    0 never executed
        -: 1242:	    }
        -: 1243:				
        -: 1244:	  //return success
    #####: 1245:	  return 1;
        -: 1246:	}
        -: 1247:			
        -: 1248:      //no second treasure_map found in hand
    #####: 1249:      return -1;
        -: 1250:    }
        -: 1251:	
    #####: 1252:  return -1;
        -: 1253:}
        -: 1254:
function discardCard called 25 returned 100% blocks executed 78%
       25: 1255:int discardCard(int handPos, int currentPlayer, struct gameState *state, int trashFlag)
        -: 1256:{
        -: 1257:	
        -: 1258:  //if card is not trashed, added to Played pile 
       25: 1259:  if (trashFlag < 1)
branch  0 taken 100% (fallthrough)
branch  1 taken 0%
        -: 1260:    {
        -: 1261:      //add card to played pile
       25: 1262:      state->playedCards[state->playedCardCount] = state->hand[currentPlayer][handPos]; 
       25: 1263:      state->playedCardCount++;
        -: 1264:    }
        -: 1265:	
        -: 1266:  //set played card to -1
       25: 1267:  state->hand[currentPlayer][handPos] = -1;
        -: 1268:	
        -: 1269:  //remove card from player's hand
       25: 1270:  if ( handPos == (state->handCount[currentPlayer] - 1) ) 	//last card in hand array is played
branch  0 taken 0% (fallthrough)
branch  1 taken 100%
        -: 1271:    {
        -: 1272:      //reduce number of cards in hand
    #####: 1273:      state->handCount[currentPlayer]--;
        -: 1274:    }
       25: 1275:  else if ( state->handCount[currentPlayer] == 1 ) //only one card in hand
branch  0 taken 0% (fallthrough)
branch  1 taken 100%
        -: 1276:    {
        -: 1277:      //reduce number of cards in hand
    #####: 1278:      state->handCount[currentPlayer]--;
        -: 1279:    }
        -: 1280:  else 	
        -: 1281:    {
        -: 1282:      //replace discarded card with last card in hand
       25: 1283:      state->hand[currentPlayer][handPos] = state->hand[currentPlayer][ (state->handCount[currentPlayer] - 1)];
        -: 1284:      //set last card to -1
       25: 1285:      state->hand[currentPlayer][state->handCount[currentPlayer] - 1] = -1;
        -: 1286:      //reduce number of cards in hand
       25: 1287:      state->handCount[currentPlayer]--;
        -: 1288:    }
        -: 1289:	
       25: 1290:  return 0;
        -: 1291:}
        -: 1292:
function gainCard called 30 returned 100% blocks executed 100%
       30: 1293:int gainCard(int supplyPos, struct gameState *state, int toFlag, int player)
        -: 1294:{
        -: 1295:  //Note: supplyPos is enum of choosen card
        -: 1296:	
        -: 1297:  //check if supply pile is empty (0) or card is not used in game (-1)
       30: 1298:  if ( supplyCount(supplyPos, state) < 1 )
call    0 returned 100%
branch  1 taken 33% (fallthrough)
branch  2 taken 67%
        -: 1299:    {
       10: 1300:      return -1;
        -: 1301:    }
        -: 1302:	
        -: 1303:  //added card for [whoseTurn] current player:
        -: 1304:  // toFlag = 0 : add to discard
        -: 1305:  // toFlag = 1 : add to deck
        -: 1306:  // toFlag = 2 : add to hand
        -: 1307:
       20: 1308:  if (toFlag == 1)
branch  0 taken 25% (fallthrough)
branch  1 taken 75%
        -: 1309:    {
        5: 1310:      state->deck[ player ][ state->deckCount[player] ] = supplyPos;
        5: 1311:      state->deckCount[player]++;
        -: 1312:    }
       15: 1313:  else if (toFlag == 2)
branch  0 taken 33% (fallthrough)
branch  1 taken 67%
        -: 1314:    {
        5: 1315:      state->hand[ player ][ state->handCount[player] ] = supplyPos;
        5: 1316:      state->handCount[player]++;
        -: 1317:    }
        -: 1318:  else
        -: 1319:    {
       10: 1320:      state->discard[player][ state->discardCount[player] ] = supplyPos;
       10: 1321:      state->discardCount[player]++;
        -: 1322:    }
        -: 1323:	
        -: 1324:  //decrease number in supply pile
       20: 1325:  state->supplyCount[supplyPos]--;
        -: 1326:	 
       20: 1327:  return 0;
        -: 1328:}
        -: 1329:
function updateCoins called 30 returned 100% blocks executed 100%
       30: 1330:int updateCoins(int player, struct gameState *state, int bonus)
        -: 1331:{
        -: 1332:  int i;
        -: 1333:	
        -: 1334:  //reset coin count
       30: 1335:  state->coins = 0;
        -: 1336:
        -: 1337:  //add coins for each Treasure card in player's hand
      120: 1338:  for (i = 0; i < state->handCount[player]; i++)
branch  0 taken 75%
branch  1 taken 25% (fallthrough)
        -: 1339:    {
       90: 1340:      if (state->hand[player][i] == copper)
branch  0 taken 56% (fallthrough)
branch  1 taken 44%
        -: 1341:	{
       50: 1342:	  state->coins += 1;
        -: 1343:	}
       40: 1344:      else if (state->hand[player][i] == silver)
branch  0 taken 50% (fallthrough)
branch  1 taken 50%
        -: 1345:	{
       20: 1346:	  state->coins += 2;
        -: 1347:	}
       20: 1348:      else if (state->hand[player][i] == gold)
branch  0 taken 100% (fallthrough)
branch  1 taken 0%
        -: 1349:	{
       20: 1350:	  state->coins += 3;
        -: 1351:	}	
        -: 1352:    }	
        -: 1353:
        -: 1354:  //add bonus
       30: 1355:  state->coins += bonus;
        -: 1356:
       30: 1357:  return 0;
        -: 1358:}
        -: 1359:
        -: 1360:
        -: 1361://end of dominion.c
        -: 1362:
