        -:    0:Source:adventurer.c
        -:    0:Graph:cards/adventurer.gcno
        -:    0:Data:cards/adventurer.gcda
        -:    0:Runs:17
        -:    0:Programs:1
        -:    1:/*EOF*/
        -:    2:/*EOF*/
        -:    3:/*EOF*/
        -:    4:/*EOF*/
        -:    5:/*EOF*/
        -:    6:/*EOF*/
        -:    7:/*EOF*/
        -:    8:/*EOF*/
        -:    9:/*EOF*/
        -:   10:/*EOF*/
        -:   11:/*EOF*/
        -:   12:/*EOF*/
        -:   13:/*EOF*/
        -:   14:/*EOF*/
        -:   15:/*EOF*/
        -:   16:/*EOF*/
        -:   17:/*EOF*/
        -:   18:/*EOF*/
        -:   19:/*EOF*/
function playAdventurer called 800 returned 100% blocks executed 100%
      800:   20:/*EOF*/
      800:   21:/*EOF*/
        -:   22:/*EOF*/
        -:   23:/*EOF*/
   194056:   24:/*EOF*/
branch  0 taken 192456
branch  1 taken 800 (fallthrough)
        -:   25:/*EOF*/
   192456:   26:/*EOF*/
branch  0 taken 800 (fallthrough)
branch  1 taken 191656
      800:   27:/*EOF*/
call    0 returned 800
        -:   28:/*EOF*/
        -:   29:/*EOF*/
        -:   30:/*EOF*/
   192456:   31:/*EOF*/
call    0 returned 192456
   192456:   32:/*EOF*/
call    0 returned 192456
        -:   33:/*EOF*/
        -:   34:/*EOF*/
   192456:   35:/*EOF*/
branch  0 taken 190856 (fallthrough)
branch  1 taken 1600
branch  2 taken 190856 (fallthrough)
branch  3 taken 0
branch  4 taken 0 (fallthrough)
branch  5 taken 190856
        -:   36:/*EOF*/
     1600:   37:/*EOF*/
        -:   38:/*EOF*/
        -:   39:/*EOF*/
        -:   40:/*EOF*/
   190856:   41:/*EOF*/
call    0 returned 190856
        -:   42:/*EOF*/
        -:   43:/*EOF*/
        -:   44:/*EOF*/
        -:   45:/*EOF*/
      800:   46:/*EOF*/
        -:   47:/*EOF*/
        -:   48:/*EOF*/
        -:   49:/*EOF*/
function getDrawnCard called 192456 returned 100% blocks executed 100%
   192456:   50:/*EOF*/
   192456:   51:/*EOF*/
   192456:   52:/*EOF*/
        -:   53:/*EOF*/
        -:   54:/*EOF*/
function discardLastDrawnCard called 190856 returned 100% blocks executed 100%
   190856:   55:/*EOF*/
   190856:   56:/*EOF*/
   190856:   57:/*EOF*/
call    0 returned 190856
   190856:   58:/*EOF*/
