        -:    0:Source:smithy.c
        -:    0:Graph:cards/smithy.gcno
        -:    0:Data:cards/smithy.gcda
        -:    0:Runs:3
        -:    0:Programs:1
        -:    1:/*EOF*/
        -:    2:/*EOF*/
        -:    3:/*EOF*/
        -:    4:/*EOF*/
        -:    5:/*EOF*/
function playSmithy called 200 returned 100% blocks executed 100%
      200:    6:/*EOF*/
        -:    7:/*EOF*/
        -:    8:/*EOF*/
      200:    9:/*EOF*/
call    0 returned 200
        -:   10:/*EOF*/
        -:   11:/*EOF*/
      200:   12:/*EOF*/
call    0 returned 200
        -:   13:/*EOF*/
      200:   14:/*EOF*/
